Install, cut over and verify Oracle production	Check unavoidable OCI credential requirements	﻿2026-07-20T23:58:22.2740137Z ##[group]Run set -Eeuo pipefail
Install, cut over and verify Oracle production	Check unavoidable OCI credential requirements	2026-07-20T23:58:22.2740571Z ^[[36;1mset -Eeuo pipefail^[[0m
Install, cut over and verify Oracle production	Check unavoidable OCI credential requirements	2026-07-20T23:58:22.2740840Z ^[[36;1mmissing=()^[[0m
Install, cut over and verify Oracle production	Check unavoidable OCI credential requirements	2026-07-20T23:58:22.2741191Z ^[[36;1m[ -n "$OCI_PRIVATE_KEY_PEM" ] || missing+=(OCI_PRIVATE_KEY)^[[0m
Install, cut over and verify Oracle production	Check unavoidable OCI credential requirements	2026-07-20T23:58:22.2741652Z ^[[36;1m[ -n "$OCI_FINGERPRINT_VALUE" ] || missing+=(OCI_FINGERPRINT)^[[0m
Install, cut over and verify Oracle production	Check unavoidable OCI credential requirements	2026-07-20T23:58:22.2742092Z ^[[36;1m[ -n "$OCI_USER_VALUE" ] || missing+=(OCI_USER_OCID)^[[0m
Install, cut over and verify Oracle production	Check unavoidable OCI credential requirements	2026-07-20T23:58:22.2742492Z ^[[36;1m[ -n "$OCI_TENANCY_VALUE" ] || missing+=(OCI_TENANCY_OCID)^[[0m
Install, cut over and verify Oracle production	Check unavoidable OCI credential requirements	2026-07-20T23:58:22.2742886Z ^[[36;1mif [ ${#missing[@]} -gt 0 ]; then^[[0m
Install, cut over and verify Oracle production	Check unavoidable OCI credential requirements	2026-07-20T23:58:22.2743316Z ^[[36;1m  printf 'Missing required production secrets: %s\n' "${missing[*]}" >&2^[[0m
Install, cut over and verify Oracle production	Check unavoidable OCI credential requirements	2026-07-20T23:58:22.2744147Z ^[[36;1m  jq -n --arg missing "${missing[*]}" '{status:"blocked",phase:"credentials",message:("Missing GitHub production secrets: "+$missing)}' >nams-deployment-result.json^[[0m
Install, cut over and verify Oracle production	Check unavoidable OCI credential requirements	2026-07-20T23:58:22.2744855Z ^[[36;1m  exit 78^[[0m
Install, cut over and verify Oracle production	Check unavoidable OCI credential requirements	2026-07-20T23:58:22.2745082Z ^[[36;1mfi^[[0m
Install, cut over and verify Oracle production	Check unavoidable OCI credential requirements	2026-07-20T23:58:22.2809273Z shell: /usr/bin/bash --noprofile --norc -e -o pipefail {0}
Install, cut over and verify Oracle production	Check unavoidable OCI credential requirements	2026-07-20T23:58:22.2809658Z env:
Install, cut over and verify Oracle production	Check unavoidable OCI credential requirements	2026-07-20T23:58:22.2809917Z   SOURCE_REF: c74d8660d516e9330a9ad4f24742b10c43c487c4
Install, cut over and verify Oracle production	Check unavoidable OCI credential requirements	2026-07-20T23:58:22.2810294Z   IMAGE_TAG: c74d8660d516e9330a9ad4f24742b10c43c487c4-cdp1
Install, cut over and verify Oracle production	Check unavoidable OCI credential requirements	2026-07-20T23:58:22.2810679Z   APP_IMAGE: ghcr.io/nitutravels/nams-v6-app
Install, cut over and verify Oracle production	Check unavoidable OCI credential requirements	2026-07-20T23:58:22.2811030Z   CHROMIUM_IMAGE: ghcr.io/nitutravels/nams-v6-chromium
Install, cut over and verify Oracle production	Check unavoidable OCI credential requirements	2026-07-20T23:58:22.2811353Z   OCI_PRIVATE_KEY_PEM: 
Install, cut over and verify Oracle production	Check unavoidable OCI credential requirements	2026-07-20T23:58:22.2811595Z   OCI_FINGERPRINT_VALUE: 
Install, cut over and verify Oracle production	Check unavoidable OCI credential requirements	2026-07-20T23:58:22.2811830Z   OCI_USER_VALUE: 
Install, cut over and verify Oracle production	Check unavoidable OCI credential requirements	2026-07-20T23:58:22.2812043Z   OCI_TENANCY_VALUE: 
Install, cut over and verify Oracle production	Check unavoidable OCI credential requirements	2026-07-20T23:58:22.2812264Z ##[endgroup]
Install, cut over and verify Oracle production	Check unavoidable OCI credential requirements	2026-07-20T23:58:22.2897958Z Missing required production secrets: OCI_PRIVATE_KEY OCI_FINGERPRINT OCI_USER_OCID OCI_TENANCY_OCID
Install, cut over and verify Oracle production	Check unavoidable OCI credential requirements	2026-07-20T23:58:22.2939589Z ##[error]Process completed with exit code 78.
